[Rank 1] 2025-05-24 16:21:02,310 - INFO - Process will handle 22 extensions
[Rank 1] 2025-05-24 16:21:02,311 - INFO - [1/22] Installing: ms-azuretools.vscode-azurestorage@0.16.4.vsix
[Rank 1] 2025-05-24 16:21:02,315 - INFO - Detected gzipped file: ./extensions/ms-azuretools.vscode-azurestorage@0.16.4.vsix
[Rank 1] 2025-05-24 16:21:05,441 - INFO - Successfully installed: ms-azuretools.vscode-azurestorage@0.16.4.vsix
[Rank 1] 2025-05-24 16:21:05,441 - INFO - [2/22] Installing: ms-azuretools.vscode-azurevirtualmachines@0.6.8.vsix
[Rank 1] 2025-05-24 16:21:05,441 - INFO - Detected gzipped file: ./extensions/ms-azuretools.vscode-azurevirtualmachines@0.6.8.vsix
[Rank 1] 2025-05-24 16:21:05,720 - INFO - Successfully installed: ms-azuretools.vscode-azurevirtualmachines@0.6.8.vsix
[Rank 1] 2025-05-24 16:21:05,720 - INFO - [3/22] Installing: ms-azuretools.vscode-containers@2.0.1.vsix
[Rank 1] 2025-05-24 16:21:05,720 - INFO - Detected gzipped file: ./extensions/ms-azuretools.vscode-containers@2.0.1.vsix
[Rank 1] 2025-05-24 16:21:05,815 - INFO - Successfully installed: ms-azuretools.vscode-containers@2.0.1.vsix
[Rank 1] 2025-05-24 16:21:05,815 - INFO - [4/22] Installing: ms-azuretools.vscode-cosmosdb@0.26.0.vsix
[Rank 1] 2025-05-24 16:21:05,815 - INFO - Detected gzipped file: ./extensions/ms-azuretools.vscode-cosmosdb@0.26.0.vsix
[Rank 1] 2025-05-24 16:21:06,004 - INFO - Successfully installed: ms-azuretools.vscode-cosmosdb@0.26.0.vsix
[Rank 1] 2025-05-24 16:21:06,004 - INFO - [5/22] Installing: ms-ceintl.vscode-language-pack-es@1.101.2025052109.vsix
[Rank 1] 2025-05-24 16:21:06,004 - INFO - Detected gzipped file: ./extensions/ms-ceintl.vscode-language-pack-es@1.101.2025052109.vsix
[Rank 1] 2025-05-24 16:21:06,054 - INFO - Successfully installed: ms-ceintl.vscode-language-pack-es@1.101.2025052109.vsix
[Rank 1] 2025-05-24 16:21:06,054 - INFO - [6/22] Installing: ms-ceintl.vscode-language-pack-zh-hans@1.101.2025052109.vsix
[Rank 1] 2025-05-24 16:21:06,054 - INFO - Detected gzipped file: ./extensions/ms-ceintl.vscode-language-pack-zh-hans@1.101.2025052109.vsix
[Rank 1] 2025-05-24 16:21:06,095 - INFO - Successfully installed: ms-ceintl.vscode-language-pack-zh-hans@1.101.2025052109.vsix
[Rank 1] 2025-05-24 16:21:06,095 - INFO - [7/22] Installing: ms-dotnettools.blazorwasm-companion@1.1.4.vsix
[Rank 1] 2025-05-24 16:21:06,096 - INFO - Detected gzipped file: ./extensions/ms-dotnettools.blazorwasm-companion@1.1.4.vsix
[Rank 1] 2025-05-24 16:21:06,100 - INFO - Successfully installed: ms-dotnettools.blazorwasm-companion@1.1.4.vsix
[Rank 1] 2025-05-24 16:21:06,100 - INFO - [8/22] Installing: ms-dotnettools.csdevkit@1.19.63.vsix
[Rank 1] 2025-05-24 16:21:06,101 - INFO - Detected gzipped file: ./extensions/ms-dotnettools.csdevkit@1.19.63.vsix
[Rank 1] 2025-05-24 16:21:11,085 - INFO - Successfully installed: ms-dotnettools.csdevkit@1.19.63.vsix
[Rank 1] 2025-05-24 16:21:11,086 - INFO - [9/22] Installing: ms-dotnettools.csharp@2.79.8.vsix
[Rank 1] 2025-05-24 16:21:11,086 - INFO - Detected gzipped file: ./extensions/ms-dotnettools.csharp@2.79.8.vsix
[Rank 1] 2025-05-24 16:21:27,962 - INFO - Successfully installed: ms-dotnettools.csharp@2.79.8.vsix
[Rank 1] 2025-05-24 16:21:27,962 - INFO - [10/22] Installing: ms-dotnettools.vscode-dotnet-runtime@2.3.4.vsix
[Rank 1] 2025-05-24 16:21:27,962 - INFO - Detected gzipped file: ./extensions/ms-dotnettools.vscode-dotnet-runtime@2.3.4.vsix
[Rank 1] 2025-05-24 16:21:28,148 - INFO - Successfully installed: ms-dotnettools.vscode-dotnet-runtime@2.3.4.vsix
[Rank 1] 2025-05-24 16:21:28,148 - INFO - [11/22] Installing: ms-edgedevtools.vscode-edge-devtools@2.1.8.vsix
[Rank 1] 2025-05-24 16:21:28,149 - INFO - Detected gzipped file: ./extensions/ms-edgedevtools.vscode-edge-devtools@2.1.8.vsix
[Rank 1] 2025-05-24 16:21:28,262 - INFO - Successfully installed: ms-edgedevtools.vscode-edge-devtools@2.1.8.vsix
[Rank 1] 2025-05-24 16:21:28,262 - INFO - [12/22] Installing: ms-kubernetes-tools.vscode-kubernetes-tools@1.3.23.vsix
[Rank 1] 2025-05-24 16:21:28,262 - INFO - Detected gzipped file: ./extensions/ms-kubernetes-tools.vscode-kubernetes-tools@1.3.23.vsix
[Rank 1] 2025-05-24 16:21:28,504 - INFO - Successfully installed: ms-kubernetes-tools.vscode-kubernetes-tools@1.3.23.vsix
[Rank 1] 2025-05-24 16:21:28,504 - INFO - [13/22] Installing: ms-python.debugpy@2025.8.0.vsix
[Rank 1] 2025-05-24 16:21:28,505 - INFO - Detected gzipped file: ./extensions/ms-python.debugpy@2025.8.0.vsix
[Rank 1] 2025-05-24 16:21:29,497 - INFO - Successfully installed: ms-python.debugpy@2025.8.0.vsix
[Rank 1] 2025-05-24 16:21:29,497 - INFO - [14/22] Installing: ms-python.python@2025.6.1.vsix
[Rank 1] 2025-05-24 16:21:29,497 - INFO - Detected gzipped file: ./extensions/ms-python.python@2025.6.1.vsix
[Rank 1] 2025-05-24 16:21:31,757 - INFO - Successfully installed: ms-python.python@2025.6.1.vsix
[Rank 1] 2025-05-24 16:21:31,757 - INFO - [15/22] Installing: ms-python.vscode-pylance@2025.5.1.vsix
[Rank 1] 2025-05-24 16:21:31,758 - INFO - Detected gzipped file: ./extensions/ms-python.vscode-pylance@2025.5.1.vsix
[Rank 1] 2025-05-24 16:21:35,316 - INFO - Successfully installed: ms-python.vscode-pylance@2025.5.1.vsix
[Rank 1] 2025-05-24 16:21:35,316 - INFO - [16/22] Installing: ms-vscode-remote.remote-containers@0.414.0.vsix
[Rank 1] 2025-05-24 16:21:35,316 - INFO - Detected gzipped file: ./extensions/ms-vscode-remote.remote-containers@0.414.0.vsix
[Rank 1] 2025-05-24 16:21:35,419 - INFO - Successfully installed: ms-vscode-remote.remote-containers@0.414.0.vsix
[Rank 1] 2025-05-24 16:21:35,419 - INFO - [17/22] Installing: ms-vscode-remote.remote-ssh-edit@0.87.0.vsix
[Rank 1] 2025-05-24 16:21:35,420 - INFO - Detected gzipped file: ./extensions/ms-vscode-remote.remote-ssh-edit@0.87.0.vsix
[Rank 1] 2025-05-24 16:21:35,431 - INFO - Successfully installed: ms-vscode-remote.remote-ssh-edit@0.87.0.vsix
[Rank 1] 2025-05-24 16:21:35,431 - INFO - [18/22] Installing: ms-vscode-remote.remote-ssh@0.121.2025050915.vsix
[Rank 1] 2025-05-24 16:21:35,432 - INFO - Detected gzipped file: ./extensions/ms-vscode-remote.remote-ssh@0.121.2025050915.vsix
[Rank 1] 2025-05-24 16:21:35,464 - INFO - Successfully installed: ms-vscode-remote.remote-ssh@0.121.2025050915.vsix
[Rank 1] 2025-05-24 16:21:35,464 - INFO - [19/22] Installing: ms-vscode-remote.remote-wsl@0.99.0.vsix
[Rank 1] 2025-05-24 16:21:35,464 - INFO - Detected gzipped file: ./extensions/ms-vscode-remote.remote-wsl@0.99.0.vsix
[Rank 1] 2025-05-24 16:21:35,501 - INFO - Successfully installed: ms-vscode-remote.remote-wsl@0.99.0.vsix
[Rank 1] 2025-05-24 16:21:35,501 - INFO - [20/22] Installing: ms-vscode-remote.vscode-remote-extensionpack@0.26.0.vsix
[Rank 1] 2025-05-24 16:21:35,502 - INFO - Detected gzipped file: ./extensions/ms-vscode-remote.vscode-remote-extensionpack@0.26.0.vsix
[Rank 1] 2025-05-24 16:21:35,506 - INFO - Successfully installed: ms-vscode-remote.vscode-remote-extensionpack@0.26.0.vsix
[Rank 1] 2025-05-24 16:21:35,506 - INFO - [21/22] Installing: ms-vscode.anycode-c-sharp@0.0.8.vsix
[Rank 1] 2025-05-24 16:21:35,506 - INFO - Detected gzipped file: ./extensions/ms-vscode.anycode-c-sharp@0.0.8.vsix
[Rank 1] 2025-05-24 16:21:35,538 - INFO - Successfully installed: ms-vscode.anycode-c-sharp@0.0.8.vsix
[Rank 1] 2025-05-24 16:21:35,539 - INFO - [22/22] Installing: ms-vscode.anycode-cpp@0.0.7.vsix
[Rank 1] 2025-05-24 16:21:35,539 - INFO - Detected gzipped file: ./extensions/ms-vscode.anycode-cpp@0.0.7.vsix
[Rank 1] 2025-05-24 16:21:35,575 - INFO - Successfully installed: ms-vscode.anycode-cpp@0.0.7.vsix
