[Rank 2] 2025-05-24 16:21:02,310 - INFO - Process will handle 22 extensions
[Rank 2] 2025-05-24 16:21:02,310 - INFO - [1/22] Installing: ms-vscode.anycode-go@0.0.8.vsix
[Rank 2] 2025-05-24 16:21:02,311 - INFO - Detected gzipped file: ./extensions/ms-vscode.anycode-go@0.0.8.vsix
[Rank 2] 2025-05-24 16:21:02,319 - INFO - Successfully installed: ms-vscode.anycode-go@0.0.8.vsix
[Rank 2] 2025-05-24 16:21:02,319 - INFO - [2/22] Installing: ms-vscode.anycode-java@0.0.8.vsix
[Rank 2] 2025-05-24 16:21:02,319 - INFO - Detected gzipped file: ./extensions/ms-vscode.anycode-java@0.0.8.vsix
[Rank 2] 2025-05-24 16:21:02,326 - INFO - Successfully installed: ms-vscode.anycode-java@0.0.8.vsix
[Rank 2] 2025-05-24 16:21:02,327 - INFO - [3/22] Installing: ms-vscode.anycode-kotlin@0.0.8.vsix
[Rank 2] 2025-05-24 16:21:02,327 - INFO - Detected gzipped file: ./extensions/ms-vscode.anycode-kotlin@0.0.8.vsix
[Rank 2] 2025-05-24 16:21:02,435 - INFO - Successfully installed: ms-vscode.anycode-kotlin@0.0.8.vsix
[Rank 2] 2025-05-24 16:21:02,435 - INFO - [4/22] Installing: ms-vscode.anycode-php@0.0.8.vsix
[Rank 2] 2025-05-24 16:21:02,436 - INFO - Detected gzipped file: ./extensions/ms-vscode.anycode-php@0.0.8.vsix
[Rank 2] 2025-05-24 16:21:02,465 - INFO - Successfully installed: ms-vscode.anycode-php@0.0.8.vsix
[Rank 2] 2025-05-24 16:21:02,466 - INFO - [5/22] Installing: ms-vscode.anycode-python@0.0.7.vsix
[Rank 2] 2025-05-24 16:21:02,466 - INFO - Detected gzipped file: ./extensions/ms-vscode.anycode-python@0.0.7.vsix
[Rank 2] 2025-05-24 16:21:02,474 - INFO - Successfully installed: ms-vscode.anycode-python@0.0.7.vsix
[Rank 2] 2025-05-24 16:21:02,474 - INFO - [6/22] Installing: ms-vscode.anycode-rust@0.0.8.vsix
[Rank 2] 2025-05-24 16:21:02,474 - INFO - Detected gzipped file: ./extensions/ms-vscode.anycode-rust@0.0.8.vsix
[Rank 2] 2025-05-24 16:21:02,487 - INFO - Successfully installed: ms-vscode.anycode-rust@0.0.8.vsix
[Rank 2] 2025-05-24 16:21:02,487 - INFO - [7/22] Installing: ms-vscode.anycode-typescript@0.0.7.vsix
[Rank 2] 2025-05-24 16:21:02,488 - INFO - Detected gzipped file: ./extensions/ms-vscode.anycode-typescript@0.0.7.vsix
[Rank 2] 2025-05-24 16:21:02,522 - INFO - Successfully installed: ms-vscode.anycode-typescript@0.0.7.vsix
[Rank 2] 2025-05-24 16:21:02,522 - INFO - [8/22] Installing: ms-vscode.anycode@0.0.74.vsix
[Rank 2] 2025-05-24 16:21:02,526 - INFO - Detected gzipped file: ./extensions/ms-vscode.anycode@0.0.74.vsix
[Rank 2] 2025-05-24 16:21:02,639 - INFO - Successfully installed: ms-vscode.anycode@0.0.74.vsix
[Rank 2] 2025-05-24 16:21:02,639 - INFO - [9/22] Installing: ms-vscode.azure-repos@0.41.2024112101.vsix
[Rank 2] 2025-05-24 16:21:02,639 - INFO - Detected gzipped file: ./extensions/ms-vscode.azure-repos@0.41.2024112101.vsix
[Rank 2] 2025-05-24 16:21:02,717 - INFO - Successfully installed: ms-vscode.azure-repos@0.41.2024112101.vsix
[Rank 2] 2025-05-24 16:21:02,717 - INFO - [10/22] Installing: ms-vscode.remote-explorer@0.6.2025051209.vsix
[Rank 2] 2025-05-24 16:21:02,717 - INFO - Detected gzipped file: ./extensions/ms-vscode.remote-explorer@0.6.2025051209.vsix
[Rank 2] 2025-05-24 16:21:02,729 - INFO - Successfully installed: ms-vscode.remote-explorer@0.6.2025051209.vsix
[Rank 2] 2025-05-24 16:21:02,729 - INFO - [11/22] Installing: ms-vscode.remote-repositories@0.43.2024112101.vsix
[Rank 2] 2025-05-24 16:21:02,730 - INFO - Detected gzipped file: ./extensions/ms-vscode.remote-repositories@0.43.2024112101.vsix
[Rank 2] 2025-05-24 16:21:02,779 - INFO - Successfully installed: ms-vscode.remote-repositories@0.43.2024112101.vsix
[Rank 2] 2025-05-24 16:21:02,779 - INFO - [12/22] Installing: ms-vscode.remote-server@1.6.2025041509.vsix
[Rank 2] 2025-05-24 16:21:02,780 - INFO - Detected gzipped file: ./extensions/ms-vscode.remote-server@1.6.2025041509.vsix
[Rank 2] 2025-05-24 16:21:02,871 - INFO - Successfully installed: ms-vscode.remote-server@1.6.2025041509.vsix
[Rank 2] 2025-05-24 16:21:02,871 - INFO - [13/22] Installing: ms-vscode.vscode-node-azure-pack@1.6.0.vsix
[Rank 2] 2025-05-24 16:21:02,872 - INFO - Detected gzipped file: ./extensions/ms-vscode.vscode-node-azure-pack@1.6.0.vsix
[Rank 2] 2025-05-24 16:21:02,896 - INFO - Successfully installed: ms-vscode.vscode-node-azure-pack@1.6.0.vsix
[Rank 2] 2025-05-24 16:21:02,896 - INFO - [14/22] Installing: ms-vscode.vscode-speech@0.15.2025052212.vsix
[Rank 2] 2025-05-24 16:21:02,897 - INFO - Detected gzipped file: ./extensions/ms-vscode.vscode-speech@0.15.2025052212.vsix
[Rank 2] 2025-05-24 16:21:10,370 - INFO - Successfully installed: ms-vscode.vscode-speech@0.15.2025052212.vsix
[Rank 2] 2025-05-24 16:21:10,370 - INFO - [15/22] Installing: Codeium.codeium-1.24.8.vsix
[Rank 2] 2025-05-24 16:21:10,687 - INFO - Successfully installed: Codeium.codeium-1.24.8.vsix
[Rank 2] 2025-05-24 16:21:10,687 - INFO - [16/22] Installing: FluidAttacks.fluidattacks-0.71.3.vsix
[Rank 2] 2025-05-24 16:21:11,238 - INFO - Successfully installed: FluidAttacks.fluidattacks-0.71.3.vsix
[Rank 2] 2025-05-24 16:21:11,238 - INFO - [17/22] Installing: Google.geminicodeassist-2.23.1.vsix
[Rank 2] 2025-05-24 16:21:15,399 - INFO - Successfully installed: Google.geminicodeassist-2.23.1.vsix
[Rank 2] 2025-05-24 16:21:15,399 - INFO - [18/22] Installing: JetBrains.qodana-code-1.1.2.vsix
[Rank 2] 2025-05-24 16:21:19,379 - INFO - Successfully installed: JetBrains.qodana-code-1.1.2.vsix
[Rank 2] 2025-05-24 16:21:19,379 - INFO - [19/22] Installing: PrismaCloud.prisma-cloud-1.0.25.vsix
[Rank 2] 2025-05-24 16:21:21,166 - INFO - Successfully installed: PrismaCloud.prisma-cloud-1.0.25.vsix
[Rank 2] 2025-05-24 16:21:21,166 - INFO - [20/22] Installing: SonarSource.sonarlint-vscode-4.13.2@darwin-arm64.vsix
[Rank 2] 2025-05-24 16:21:30,873 - INFO - Successfully installed: SonarSource.sonarlint-vscode-4.13.2@darwin-arm64.vsix
[Rank 2] 2025-05-24 16:21:30,874 - INFO - [21/22] Installing: TabNine.tabnine-vscode-3.203.0.vsix
[Rank 2] 2025-05-24 16:21:31,017 - INFO - Successfully installed: TabNine.tabnine-vscode-3.203.0.vsix
[Rank 2] 2025-05-24 16:21:31,017 - INFO - [22/22] Installing: amazonwebservices.amazon-q-vscode-1.40.0.vsix
[Rank 2] 2025-05-24 16:21:32,080 - INFO - Successfully installed: amazonwebservices.amazon-q-vscode-1.40.0.vsix
