[Rank 1] 2025-05-24 16:13:52,704 - INFO - Process will handle 22 extensions
[Rank 1] 2025-05-24 16:13:52,704 - INFO - [1/22] Installing: ms-azuretools.vscode-azurestorage@0.16.4.vsix
[Rank 1] 2025-05-24 16:13:52,705 - INFO - Detected gzipped file: ./extensions/ms-azuretools.vscode-azurestorage@0.16.4.vsix
[Rank 1] 2025-05-24 16:13:54,384 - INFO - Successfully installed: ms-azuretools.vscode-azurestorage@0.16.4.vsix
[Rank 1] 2025-05-24 16:13:54,384 - INFO - [2/22] Installing: ms-azuretools.vscode-azurevirtualmachines@0.6.8.vsix
[Rank 1] 2025-05-24 16:13:54,385 - INFO - Detected gzipped file: ./extensions/ms-azuretools.vscode-azurevirtualmachines@0.6.8.vsix
[Rank 1] 2025-05-24 16:13:54,435 - INFO - Successfully installed: ms-azuretools.vscode-azurevirtualmachines@0.6.8.vsix
[Rank 1] 2025-05-24 16:13:54,435 - INFO - [3/22] Installing: ms-azuretools.vscode-containers@2.0.1.vsix
[Rank 1] 2025-05-24 16:13:54,435 - INFO - Detected gzipped file: ./extensions/ms-azuretools.vscode-containers@2.0.1.vsix
[Rank 1] 2025-05-24 16:13:54,491 - INFO - Successfully installed: ms-azuretools.vscode-containers@2.0.1.vsix
[Rank 1] 2025-05-24 16:13:54,491 - INFO - [4/22] Installing: ms-azuretools.vscode-cosmosdb@0.26.0.vsix
[Rank 1] 2025-05-24 16:13:54,491 - INFO - Detected gzipped file: ./extensions/ms-azuretools.vscode-cosmosdb@0.26.0.vsix
[Rank 1] 2025-05-24 16:13:54,624 - INFO - Successfully installed: ms-azuretools.vscode-cosmosdb@0.26.0.vsix
[Rank 1] 2025-05-24 16:13:54,625 - INFO - [5/22] Installing: ms-ceintl.vscode-language-pack-es@1.101.2025052109.vsix
[Rank 1] 2025-05-24 16:13:54,625 - INFO - Detected gzipped file: ./extensions/ms-ceintl.vscode-language-pack-es@1.101.2025052109.vsix
[Rank 1] 2025-05-24 16:13:54,656 - INFO - Successfully installed: ms-ceintl.vscode-language-pack-es@1.101.2025052109.vsix
[Rank 1] 2025-05-24 16:13:54,656 - INFO - [6/22] Installing: ms-ceintl.vscode-language-pack-zh-hans@1.101.2025052109.vsix
[Rank 1] 2025-05-24 16:13:54,656 - INFO - Detected gzipped file: ./extensions/ms-ceintl.vscode-language-pack-zh-hans@1.101.2025052109.vsix
[Rank 1] 2025-05-24 16:13:54,676 - INFO - Successfully installed: ms-ceintl.vscode-language-pack-zh-hans@1.101.2025052109.vsix
[Rank 1] 2025-05-24 16:13:54,676 - INFO - [7/22] Installing: ms-dotnettools.blazorwasm-companion@1.1.4.vsix
[Rank 1] 2025-05-24 16:13:54,676 - INFO - Detected gzipped file: ./extensions/ms-dotnettools.blazorwasm-companion@1.1.4.vsix
[Rank 1] 2025-05-24 16:13:54,679 - INFO - Successfully installed: ms-dotnettools.blazorwasm-companion@1.1.4.vsix
[Rank 1] 2025-05-24 16:13:54,679 - INFO - [8/22] Installing: ms-dotnettools.csdevkit@1.19.63.vsix
[Rank 1] 2025-05-24 16:13:54,680 - INFO - Detected gzipped file: ./extensions/ms-dotnettools.csdevkit@1.19.63.vsix
[Rank 1] 2025-05-24 16:13:56,482 - INFO - Successfully installed: ms-dotnettools.csdevkit@1.19.63.vsix
[Rank 1] 2025-05-24 16:13:56,483 - INFO - [9/22] Installing: ms-dotnettools.csharp@2.79.8.vsix
[Rank 1] 2025-05-24 16:13:56,483 - INFO - Detected gzipped file: ./extensions/ms-dotnettools.csharp@2.79.8.vsix
[Rank 1] 2025-05-24 16:14:09,885 - INFO - Successfully installed: ms-dotnettools.csharp@2.79.8.vsix
[Rank 1] 2025-05-24 16:14:09,885 - INFO - [10/22] Installing: ms-dotnettools.vscode-dotnet-runtime@2.3.4.vsix
[Rank 1] 2025-05-24 16:14:09,886 - INFO - Detected gzipped file: ./extensions/ms-dotnettools.vscode-dotnet-runtime@2.3.4.vsix
[Rank 1] 2025-05-24 16:14:09,927 - INFO - Successfully installed: ms-dotnettools.vscode-dotnet-runtime@2.3.4.vsix
[Rank 1] 2025-05-24 16:14:09,927 - INFO - [11/22] Installing: ms-edgedevtools.vscode-edge-devtools@2.1.8.vsix
[Rank 1] 2025-05-24 16:14:09,927 - INFO - Detected gzipped file: ./extensions/ms-edgedevtools.vscode-edge-devtools@2.1.8.vsix
[Rank 1] 2025-05-24 16:14:09,965 - INFO - Successfully installed: ms-edgedevtools.vscode-edge-devtools@2.1.8.vsix
[Rank 1] 2025-05-24 16:14:09,965 - INFO - [12/22] Installing: ms-kubernetes-tools.vscode-kubernetes-tools@1.3.23.vsix
[Rank 1] 2025-05-24 16:14:09,965 - INFO - Detected gzipped file: ./extensions/ms-kubernetes-tools.vscode-kubernetes-tools@1.3.23.vsix
[Rank 1] 2025-05-24 16:14:10,048 - INFO - Successfully installed: ms-kubernetes-tools.vscode-kubernetes-tools@1.3.23.vsix
[Rank 1] 2025-05-24 16:14:10,049 - INFO - [13/22] Installing: ms-python.debugpy@2025.8.0.vsix
[Rank 1] 2025-05-24 16:14:10,049 - INFO - Detected gzipped file: ./extensions/ms-python.debugpy@2025.8.0.vsix
[Rank 1] 2025-05-24 16:14:10,310 - INFO - Successfully installed: ms-python.debugpy@2025.8.0.vsix
[Rank 1] 2025-05-24 16:14:10,310 - INFO - [14/22] Installing: ms-python.python@2025.6.1.vsix
[Rank 1] 2025-05-24 16:14:10,311 - INFO - Detected gzipped file: ./extensions/ms-python.python@2025.6.1.vsix
[Rank 1] 2025-05-24 16:14:11,101 - INFO - Successfully installed: ms-python.python@2025.6.1.vsix
[Rank 1] 2025-05-24 16:14:11,101 - INFO - [15/22] Installing: ms-python.vscode-pylance@2025.5.1.vsix
[Rank 1] 2025-05-24 16:14:11,101 - INFO - Detected gzipped file: ./extensions/ms-python.vscode-pylance@2025.5.1.vsix
[Rank 1] 2025-05-24 16:14:14,952 - INFO - Successfully installed: ms-python.vscode-pylance@2025.5.1.vsix
[Rank 1] 2025-05-24 16:14:14,952 - INFO - [16/22] Installing: ms-vscode-remote.remote-containers@0.414.0.vsix
[Rank 1] 2025-05-24 16:14:14,953 - INFO - Detected gzipped file: ./extensions/ms-vscode-remote.remote-containers@0.414.0.vsix
[Rank 1] 2025-05-24 16:14:15,038 - INFO - Successfully installed: ms-vscode-remote.remote-containers@0.414.0.vsix
[Rank 1] 2025-05-24 16:14:15,038 - INFO - [17/22] Installing: ms-vscode-remote.remote-ssh-edit@0.87.0.vsix
[Rank 1] 2025-05-24 16:14:15,039 - INFO - Detected gzipped file: ./extensions/ms-vscode-remote.remote-ssh-edit@0.87.0.vsix
[Rank 1] 2025-05-24 16:14:15,045 - INFO - Successfully installed: ms-vscode-remote.remote-ssh-edit@0.87.0.vsix
[Rank 1] 2025-05-24 16:14:15,045 - INFO - [18/22] Installing: ms-vscode-remote.remote-ssh@0.121.2025050915.vsix
[Rank 1] 2025-05-24 16:14:15,046 - INFO - Detected gzipped file: ./extensions/ms-vscode-remote.remote-ssh@0.121.2025050915.vsix
[Rank 1] 2025-05-24 16:14:15,079 - INFO - Successfully installed: ms-vscode-remote.remote-ssh@0.121.2025050915.vsix
[Rank 1] 2025-05-24 16:14:15,079 - INFO - [19/22] Installing: ms-vscode-remote.remote-wsl@0.99.0.vsix
[Rank 1] 2025-05-24 16:14:15,080 - INFO - Detected gzipped file: ./extensions/ms-vscode-remote.remote-wsl@0.99.0.vsix
[Rank 1] 2025-05-24 16:14:15,126 - INFO - Successfully installed: ms-vscode-remote.remote-wsl@0.99.0.vsix
[Rank 1] 2025-05-24 16:14:15,126 - INFO - [20/22] Installing: ms-vscode-remote.vscode-remote-extensionpack@0.26.0.vsix
[Rank 1] 2025-05-24 16:14:15,126 - INFO - Detected gzipped file: ./extensions/ms-vscode-remote.vscode-remote-extensionpack@0.26.0.vsix
[Rank 1] 2025-05-24 16:14:15,139 - INFO - Successfully installed: ms-vscode-remote.vscode-remote-extensionpack@0.26.0.vsix
[Rank 1] 2025-05-24 16:14:15,139 - INFO - [21/22] Installing: ms-vscode.anycode-c-sharp@0.0.8.vsix
[Rank 1] 2025-05-24 16:14:15,140 - INFO - Detected gzipped file: ./extensions/ms-vscode.anycode-c-sharp@0.0.8.vsix
[Rank 1] 2025-05-24 16:14:15,165 - INFO - Successfully installed: ms-vscode.anycode-c-sharp@0.0.8.vsix
[Rank 1] 2025-05-24 16:14:15,165 - INFO - [22/22] Installing: ms-vscode.anycode-cpp@0.0.7.vsix
[Rank 1] 2025-05-24 16:14:15,165 - INFO - Detected gzipped file: ./extensions/ms-vscode.anycode-cpp@0.0.7.vsix
[Rank 1] 2025-05-24 16:14:15,191 - INFO - Successfully installed: ms-vscode.anycode-cpp@0.0.7.vsix
